Created by PLY version 3.10 (http://www.dabeaz.com/ply)

Unused terminals:

    COMMENTS
    END
    WHITE_SPACE
    DOWNTO
    CASE
    UPTO
    PLUS
    WHILE
    OR_ELSE
    IF
    AND
    GE
    LE
    COLON
    MULT
    MOD
    ELSE
    NEWLINE
    FOR
    OR
    REALCONST
    RETURN
    NOT
    EXIT
    MINUS
    DIV
    NEQ
    LT
    GT
    AND_THEN
    EQ
    BOOLCONST
    WHEN
    SWITCH
    THEN
    CHARCONST
    DO

Grammar

Rule 0     S' -> program
Rule 1     program -> PROGRAM ID declarations_list procedure_list MAIN block
Rule 2     declarations_list -> declarations
Rule 3     declarations_list -> declarations_list declarations
Rule 4     declarations -> type_specifiers declarator_list SEMICOLON
Rule 5     declarations -> empty
Rule 6     type_specifiers -> INT
Rule 7     type_specifiers -> REAL
Rule 8     type_specifiers -> CHAR
Rule 9     type_specifiers -> BOOLEAN
Rule 10    declarator_list -> declarator
Rule 11    declarator_list -> declarator_list COMMA declarator
Rule 12    declarator -> dec
Rule 13    declarator -> dec ASSIGNMENT_SIGN initializer
Rule 14    dec -> ID
Rule 15    dec -> ID LBRACK range RBRACK
Rule 16    dec -> ID LBRACK NUMCONST RBRACK
Rule 17    range -> ID DOUBLE_DOT ID
Rule 18    range -> NUMCONST DOUBLE_DOT NUMCONST
Rule 19    range -> arithmetic_expressions DOUBLE_DOT arithmetic_expressions
Rule 20    initializer -> constant_expressions
Rule 21    initializer -> LBRACE initializer_list RBRACE
Rule 22    initializer_list -> constant_expressions COMMA initializer_list
Rule 23    initializer_list -> constant_expressions
Rule 24    procedure_list -> procedure_list procedure
Rule 25    procedure_list -> empty
Rule 26    procedure -> PROCEDURE ID parameters LBRACE declarations_list block RBRACE SEMICOLON
Rule 27    parameters -> LPAR declarations_list RPAR
Rule 28    block -> LBRACE statement_list RBRACE
Rule 29    statement_list -> statement SEMICOLON
Rule 30    statement_list -> statement_list statement SEMICOLON
Rule 31    empty -> <empty>

Terminals, with rules where they appear

AND                  : 
AND_THEN             : 
ASSIGNMENT_SIGN      : 13
BOOLCONST            : 
BOOLEAN              : 9
CASE                 : 
CHAR                 : 8
CHARCONST            : 
COLON                : 
COMMA                : 11 22
COMMENTS             : 
DIV                  : 
DO                   : 
DOUBLE_DOT           : 17 18 19
DOWNTO               : 
ELSE                 : 
END                  : 
EQ                   : 
EXIT                 : 
FOR                  : 
GE                   : 
GT                   : 
ID                   : 1 14 15 16 17 17 26
IF                   : 
INT                  : 6
LBRACE               : 21 26 28
LBRACK               : 15 16
LE                   : 
LPAR                 : 27
LT                   : 
MAIN                 : 1
MINUS                : 
MOD                  : 
MULT                 : 
NEQ                  : 
NEWLINE              : 
NOT                  : 
NUMCONST             : 16 18 18
OR                   : 
OR_ELSE              : 
PLUS                 : 
PROCEDURE            : 26
PROGRAM              : 1
RBRACE               : 21 26 28
RBRACK               : 15 16
REAL                 : 7
REALCONST            : 
RETURN               : 
RPAR                 : 27
SEMICOLON            : 4 26 29 30
SWITCH               : 
THEN                 : 
UPTO                 : 
WHEN                 : 
WHILE                : 
WHITE_SPACE          : 
error                : 

Nonterminals, with rules where they appear

arithmetic_expressions : 19 19
block                : 1 26
constant_expressions : 20 22 23
dec                  : 12 13
declarations         : 2 3
declarations_list    : 1 3 26 27
declarator           : 10 11
declarator_list      : 4 11
empty                : 5 25
initializer          : 13
initializer_list     : 21 22
parameters           : 26
procedure            : 24
procedure_list       : 1 24
program              : 0
range                : 15
statement            : 29 30
statement_list       : 28 30
type_specifiers      : 4

